<?xml version="1.0" encoding="UTF-8"?>
<!-- Generated by org.testng.reporters.JUnitXMLReporter -->
<testsuite ignored="0" hostname="INDIA-VenkataM" failures="8" tests="24" name="EmployeeRestAssuredAPITest" time="21.54" errors="0" timestamp="2020-08-13T00:03:29 IST">
  <testcase classname="com.employee.TestCases.TC001_GET_Request" name="checkContentEncoding" time="0.013">
    <failure type="java.lang.AssertionError" message="expected [null] but found [null]">
      <![CDATA[java.lang.AssertionError: expected [null] but found [null]
at com.employee.TestCases.TC001_GET_Request.checkContentEncoding(TC001_GET_Request.java:96)
at java.base/java.util.ArrayList.forEach(ArrayList.java:1510)
... Removed 33 stack frames]]>
    </failure>
  </testcase> <!-- checkContentEncoding -->
  <testcase classname="com.employee.TestCases.TC001_GET_Request" name="checkContentLength" time="0.001"/>
  <testcase classname="com.employee.TestCases.TC001_GET_Request" name="checkCookies" time="0.001"/>
  <testcase classname="com.employee.TestCases.TC001_GET_Request" name="checkResponseBody" time="0.029"/>
  <testcase classname="com.employee.TestCases.TC001_GET_Request" name="checkResponseTime" time="0.003"/>
  <testcase classname="com.employee.TestCases.TC001_GET_Request" name="checkStatusCode" time="0.004"/>
  <testcase classname="com.employee.TestCases.TC001_GET_Request" name="checkStatusLine" time="0.003"/>
  <testcase classname="com.employee.TestCases.TC001_GET_Request" name="contentType" time="0.002"/>
  <testcase classname="com.employee.TestCases.TC001_GET_Request" name="serverType" time="0.005">
    <failure type="java.lang.AssertionError" message="expected [nginx/1.16.1] but found [nginx/1.16.0]">
      <![CDATA[java.lang.AssertionError: expected [nginx/1.16.1] but found [nginx/1.16.0]
at com.employee.TestCases.TC001_GET_Request.serverType(TC001_GET_Request.java:86)
at java.base/java.util.ArrayList.forEach(ArrayList.java:1510)
... Removed 32 stack frames]]>
    </failure>
  </testcase> <!-- serverType -->
  <testcase classname="com.employee.TestCases.TC001_1_GET_SingleEmp_Request" name="checkContentEncoding" time="0.008">
    <failure type="java.lang.AssertionError" message="expected [null] but found [null]">
      <![CDATA[java.lang.AssertionError: expected [null] but found [null]
at com.employee.TestCases.TC001_1_GET_SingleEmp_Request.checkContentEncoding(TC001_1_GET_SingleEmp_Request.java:92)
at java.base/java.util.ArrayList.forEach(ArrayList.java:1510)
... Removed 33 stack frames]]>
    </failure>
  </testcase> <!-- checkContentEncoding -->
  <testcase classname="com.employee.TestCases.TC001_1_GET_SingleEmp_Request" name="checkContentLength" time="0.003">
    <failure type="java.lang.NumberFormatException" message="null">
      <![CDATA[java.lang.NumberFormatException: null
at java.base/java.lang.Integer.parseInt(Integer.java:614)
at java.base/java.lang.Integer.parseInt(Integer.java:770)
at com.employee.TestCases.TC001_1_GET_SingleEmp_Request.checkContentLength(TC001_1_GET_SingleEmp_Request.java:101)
at java.base/java.util.ArrayList.forEach(ArrayList.java:1510)
... Removed 27 stack frames]]>
    </failure>
  </testcase> <!-- checkContentLength -->
  <testcase classname="com.employee.TestCases.TC001_1_GET_SingleEmp_Request" name="checkCookies" time="0.002"/>
  <testcase classname="com.employee.TestCases.TC001_1_GET_SingleEmp_Request" name="checkResponseBody" time="0.007"/>
  <testcase classname="com.employee.TestCases.TC001_1_GET_SingleEmp_Request" name="checkResponseTime" time="0.001"/>
  <testcase classname="com.employee.TestCases.TC001_1_GET_SingleEmp_Request" name="checkStatusCode" time="0.002">
    <failure type="java.lang.AssertionError" message="expected [200] but found [500]">
      <![CDATA[java.lang.AssertionError: expected [200] but found [500]
at com.employee.TestCases.TC001_1_GET_SingleEmp_Request.checkStatusCode(TC001_1_GET_SingleEmp_Request.java:44)
at java.base/java.util.ArrayList.forEach(ArrayList.java:1510)
... Removed 32 stack frames]]>
    </failure>
  </testcase> <!-- checkStatusCode -->
  <testcase classname="com.employee.TestCases.TC001_1_GET_SingleEmp_Request" name="checkStatusLine" time="0.002">
    <failure type="java.lang.AssertionError" message="expected [HTTP/1.1 200 OK] but found [HTTP/1.1 500 Internal Server Error]">
      <![CDATA[java.lang.AssertionError: expected [HTTP/1.1 200 OK] but found [HTTP/1.1 500 Internal Server Error]
at com.employee.TestCases.TC001_1_GET_SingleEmp_Request.checkStatusLine(TC001_1_GET_SingleEmp_Request.java:63)
at java.base/java.util.ArrayList.forEach(ArrayList.java:1510)
... Removed 32 stack frames]]>
    </failure>
  </testcase> <!-- checkStatusLine -->
  <testcase classname="com.employee.TestCases.TC001_1_GET_SingleEmp_Request" name="contentType" time="0.002">
    <failure type="java.lang.AssertionError" message="expected [application/json;charset=utf-8] but found [text/html; charset=iso-8859-1]">
      <![CDATA[java.lang.AssertionError: expected [application/json;charset=utf-8] but found [text/html; charset=iso-8859-1]
at com.employee.TestCases.TC001_1_GET_SingleEmp_Request.contentType(TC001_1_GET_SingleEmp_Request.java:73)
at java.base/java.util.ArrayList.forEach(ArrayList.java:1510)
... Removed 32 stack frames]]>
    </failure>
  </testcase> <!-- contentType -->
  <testcase classname="com.employee.TestCases.TC001_1_GET_SingleEmp_Request" name="serverType" time="0.002">
    <failure type="java.lang.AssertionError" message="expected [nginx/1.16.1] but found [nginx/1.16.0]">
      <![CDATA[java.lang.AssertionError: expected [nginx/1.16.1] but found [nginx/1.16.0]
at com.employee.TestCases.TC001_1_GET_SingleEmp_Request.serverType(TC001_1_GET_SingleEmp_Request.java:82)
at java.base/java.util.ArrayList.forEach(ArrayList.java:1510)
... Removed 32 stack frames]]>
    </failure>
  </testcase> <!-- serverType -->
  <testcase classname="com.employee.TestCases.TC002_POST_Request" name="checkResponseBody" time="0.016"/>
  <testcase classname="com.employee.TestCases.TC002_POST_Request" name="checkStatusCode" time="0.003"/>
  <testcase classname="com.employee.TestCases.TC003_PUT_Requesut" name="checkResponseBody" time="0.003"/>
  <testcase classname="com.employee.TestCases.TC003_PUT_Requesut" name="checkStatusCode" time="0.002"/>
  <testcase classname="com.employee.TestCases.TC005_DELETE_Request" name="checkResponseBody" time="0.011"/>
  <testcase classname="com.employee.TestCases.TC005_DELETE_Request" name="checkStatusCode" time="0.002"/>
</testsuite> <!-- EmployeeRestAssuredAPITest -->
