<?xml version="1.0" encoding="UTF-8"?>
<!-- Generated by org.testng.reporters.JUnitXMLReporter -->
<testsuite ignored="0" hostname="INDIA-VenkataM" failures="0" tests="2" name="Default test" time="9.76" errors="0" timestamp="2020-08-12T18:45:57 IST">
  <testcase classname="com.employee.TestCases.TC005_DELETE_Request" name="checkResponseBody" time="0.008"/>
  <testcase classname="com.employee.TestCases.TC005_DELETE_Request" name="checkStatusCode" time="0.003"/>
</testsuite> <!-- Default test -->
